1735858268.183756 client started (11206): version 3.5a, socket /tmp/tmux-1000/default, protocol 8
1735858268.183817 on Linux 6.12.7-arch1-1 #1 SMP PREEMPT_DYNAMIC Fri, 27 Dec 2024 14:24:37 +0000
1735858268.183835 using libevent 2.1.12-stable poll
1735858268.183843 using ncurses 6.5 20240427
1735858268.183908 flags are 0x18010000
1735858268.183943 socket is /tmp/tmux-1000/default
1735858268.183967 trying connect
1735858268.184162 add peer 0x5be42aa81ac0: 6 ((nil))
1735858268.185066 sending message 111 to peer 0x5be42aa81ac0 (8 bytes)
1735858268.185083 sending message 111 to peer 0x5be42aa81ac0 (8 bytes)
1735858268.185092 sending message 101 to peer 0x5be42aa81ac0 (15 bytes)
1735858268.185100 sending message 109 to peer 0x5be42aa81ac0 (4 bytes)
1735858268.185107 sending message 102 to peer 0x5be42aa81ac0 (11 bytes)
1735858268.185115 sending message 108 to peer 0x5be42aa81ac0 (20 bytes)
1735858268.185123 sending message 112 to peer 0x5be42aa81ac0 (58 bytes)
1735858268.185131 sending message 112 to peer 0x5be42aa81ac0 (5 bytes)
1735858268.185138 sending message 112 to peer 0x5be42aa81ac0 (5 bytes)
1735858268.185146 sending message 112 to peer 0x5be42aa81ac0 (6 bytes)
1735858268.185153 sending message 112 to peer 0x5be42aa81ac0 (6 bytes)
1735858268.185160 sending message 112 to peer 0x5be42aa81ac0 (11 bytes)
1735858268.185168 sending message 112 to peer 0x5be42aa81ac0 (10 bytes)
1735858268.185175 sending message 112 to peer 0x5be42aa81ac0 (13 bytes)
1735858268.185182 sending message 112 to peer 0x5be42aa81ac0 (14 bytes)
1735858268.185189 sending message 112 to peer 0x5be42aa81ac0 (19 bytes)
1735858268.185197 sending message 112 to peer 0x5be42aa81ac0 (11 bytes)
1735858268.185204 sending message 112 to peer 0x5be42aa81ac0 (10 bytes)
1735858268.185211 sending message 112 to peer 0x5be42aa81ac0 (15 bytes)
1735858268.185219 sending message 112 to peer 0x5be42aa81ac0 (21 bytes)
1735858268.185226 sending message 112 to peer 0x5be42aa81ac0 (13 bytes)
1735858268.185233 sending message 112 to peer 0x5be42aa81ac0 (7 bytes)
1735858268.185240 sending message 112 to peer 0x5be42aa81ac0 (13 bytes)
1735858268.185248 sending message 112 to peer 0x5be42aa81ac0 (7 bytes)
1735858268.185255 sending message 112 to peer 0x5be42aa81ac0 (13 bytes)
1735858268.185262 sending message 112 to peer 0x5be42aa81ac0 (9 bytes)
1735858268.185269 sending message 112 to peer 0x5be42aa81ac0 (21 bytes)
1735858268.185277 sending message 112 to peer 0x5be42aa81ac0 (13 bytes)
1735858268.185284 sending message 112 to peer 0x5be42aa81ac0 (9 bytes)
1735858268.185291 sending message 112 to peer 0x5be42aa81ac0 (16 bytes)
1735858268.185298 sending message 112 to peer 0x5be42aa81ac0 (13 bytes)
1735858268.185306 sending message 112 to peer 0x5be42aa81ac0 (9 bytes)
1735858268.185313 sending message 112 to peer 0x5be42aa81ac0 (9 bytes)
1735858268.185320 sending message 112 to peer 0x5be42aa81ac0 (12 bytes)
1735858268.185328 sending message 112 to peer 0x5be42aa81ac0 (8 bytes)
1735858268.185335 sending message 112 to peer 0x5be42aa81ac0 (8 bytes)
1735858268.185342 sending message 112 to peer 0x5be42aa81ac0 (13 bytes)
1735858268.185350 sending message 112 to peer 0x5be42aa81ac0 (7 bytes)
1735858268.185357 sending message 112 to peer 0x5be42aa81ac0 (7 bytes)
1735858268.185364 sending message 112 to peer 0x5be42aa81ac0 (9 bytes)
1735858268.185371 sending message 112 to peer 0x5be42aa81ac0 (9 bytes)
1735858268.185379 sending message 112 to peer 0x5be42aa81ac0 (15 bytes)
1735858268.185386 sending message 112 to peer 0x5be42aa81ac0 (13 bytes)
1735858268.185393 sending message 112 to peer 0x5be42aa81ac0 (12 bytes)
1735858268.185401 sending message 112 to peer 0x5be42aa81ac0 (8 bytes)
1735858268.185408 sending message 112 to peer 0x5be42aa81ac0 (14 bytes)
1735858268.185416 sending message 112 to peer 0x5be42aa81ac0 (11 bytes)
1735858268.185423 sending message 112 to peer 0x5be42aa81ac0 (9 bytes)
1735858268.185430 sending message 112 to peer 0x5be42aa81ac0 (10 bytes)
1735858268.185438 sending message 112 to peer 0x5be42aa81ac0 (10 bytes)
1735858268.185445 sending message 112 to peer 0x5be42aa81ac0 (10 bytes)
1735858268.185470 sending message 112 to peer 0x5be42aa81ac0 (10 bytes)
1735858268.185478 sending message 112 to peer 0x5be42aa81ac0 (11 bytes)
1735858268.185486 sending message 112 to peer 0x5be42aa81ac0 (12 bytes)
1735858268.185493 sending message 112 to peer 0x5be42aa81ac0 (12 bytes)
1735858268.185500 sending message 112 to peer 0x5be42aa81ac0 (12 bytes)
1735858268.185508 sending message 112 to peer 0x5be42aa81ac0 (12 bytes)
1735858268.185515 sending message 112 to peer 0x5be42aa81ac0 (12 bytes)
1735858268.185522 sending message 112 to peer 0x5be42aa81ac0 (11 bytes)
1735858268.185529 sending message 112 to peer 0x5be42aa81ac0 (11 bytes)
1735858268.185537 sending message 112 to peer 0x5be42aa81ac0 (12 bytes)
1735858268.185544 sending message 112 to peer 0x5be42aa81ac0 (12 bytes)
1735858268.185551 sending message 112 to peer 0x5be42aa81ac0 (12 bytes)
1735858268.185558 sending message 112 to peer 0x5be42aa81ac0 (12 bytes)
1735858268.185565 sending message 112 to peer 0x5be42aa81ac0 (12 bytes)
1735858268.185572 sending message 112 to peer 0x5be42aa81ac0 (9 bytes)
1735858268.185580 sending message 112 to peer 0x5be42aa81ac0 (12 bytes)
1735858268.185587 sending message 112 to peer 0x5be42aa81ac0 (13 bytes)
1735858268.185594 sending message 112 to peer 0x5be42aa81ac0 (13 bytes)
1735858268.185601 sending message 112 to peer 0x5be42aa81ac0 (13 bytes)
1735858268.185608 sending message 112 to peer 0x5be42aa81ac0 (13 bytes)
1735858268.185616 sending message 112 to peer 0x5be42aa81ac0 (13 bytes)
1735858268.185623 sending message 112 to peer 0x5be42aa81ac0 (8 bytes)
1735858268.185631 sending message 112 to peer 0x5be42aa81ac0 (11 bytes)
1735858268.185638 sending message 112 to peer 0x5be42aa81ac0 (11 bytes)
1735858268.185645 sending message 112 to peer 0x5be42aa81ac0 (11 bytes)
1735858268.185652 sending message 112 to peer 0x5be42aa81ac0 (12 bytes)
1735858268.185659 sending message 112 to peer 0x5be42aa81ac0 (12 bytes)
1735858268.185667 sending message 112 to peer 0x5be42aa81ac0 (12 bytes)
1735858268.185674 sending message 112 to peer 0x5be42aa81ac0 (12 bytes)
1735858268.185681 sending message 112 to peer 0x5be42aa81ac0 (13 bytes)
1735858268.185688 sending message 112 to peer 0x5be42aa81ac0 (13 bytes)
1735858268.185696 sending message 112 to peer 0x5be42aa81ac0 (13 bytes)
1735858268.185703 sending message 112 to peer 0x5be42aa81ac0 (8 bytes)
1735858268.185710 sending message 112 to peer 0x5be42aa81ac0 (13 bytes)
1735858268.185717 sending message 112 to peer 0x5be42aa81ac0 (13 bytes)
1735858268.185725 sending message 112 to peer 0x5be42aa81ac0 (13 bytes)
1735858268.185732 sending message 112 to peer 0x5be42aa81ac0 (13 bytes)
1735858268.185739 sending message 112 to peer 0x5be42aa81ac0 (13 bytes)
1735858268.185746 sending message 112 to peer 0x5be42aa81ac0 (12 bytes)
1735858268.185753 sending message 112 to peer 0x5be42aa81ac0 (12 bytes)
1735858268.185761 sending message 112 to peer 0x5be42aa81ac0 (12 bytes)
1735858268.185768 sending message 112 to peer 0x5be42aa81ac0 (12 bytes)
1735858268.185775 sending message 112 to peer 0x5be42aa81ac0 (13 bytes)
1735858268.185782 sending message 112 to peer 0x5be42aa81ac0 (8 bytes)
1735858268.185790 sending message 112 to peer 0x5be42aa81ac0 (13 bytes)
1735858268.185797 sending message 112 to peer 0x5be42aa81ac0 (13 bytes)
1735858268.185804 sending message 112 to peer 0x5be42aa81ac0 (13 bytes)
1735858268.185811 sending message 112 to peer 0x5be42aa81ac0 (13 bytes)
1735858268.185819 sending message 112 to peer 0x5be42aa81ac0 (13 bytes)
1735858268.185826 sending message 112 to peer 0x5be42aa81ac0 (13 bytes)
1735858268.185833 sending message 112 to peer 0x5be42aa81ac0 (13 bytes)
1735858268.185840 sending message 112 to peer 0x5be42aa81ac0 (12 bytes)
1735858268.185847 sending message 112 to peer 0x5be42aa81ac0 (12 bytes)
1735858268.185854 sending message 112 to peer 0x5be42aa81ac0 (12 bytes)
1735858268.185862 sending message 112 to peer 0x5be42aa81ac0 (8 bytes)
1735858268.185869 sending message 112 to peer 0x5be42aa81ac0 (12 bytes)
1735858268.185876 sending message 112 to peer 0x5be42aa81ac0 (13 bytes)
1735858268.185891 sending message 112 to peer 0x5be42aa81ac0 (13 bytes)
1735858268.185899 sending message 112 to peer 0x5be42aa81ac0 (13 bytes)
1735858268.185906 sending message 112 to peer 0x5be42aa81ac0 (13 bytes)
1735858268.185913 sending message 112 to peer 0x5be42aa81ac0 (13 bytes)
1735858268.185921 sending message 112 to peer 0x5be42aa81ac0 (13 bytes)
1735858268.185928 sending message 112 to peer 0x5be42aa81ac0 (13 bytes)
1735858268.185935 sending message 112 to peer 0x5be42aa81ac0 (13 bytes)
1735858268.185942 sending message 112 to peer 0x5be42aa81ac0 (12 bytes)
1735858268.185950 sending message 112 to peer 0x5be42aa81ac0 (10 bytes)
1735858268.185957 sending message 112 to peer 0x5be42aa81ac0 (12 bytes)
1735858268.185964 sending message 112 to peer 0x5be42aa81ac0 (12 bytes)
1735858268.185971 sending message 112 to peer 0x5be42aa81ac0 (12 bytes)
1735858268.185979 sending message 112 to peer 0x5be42aa81ac0 (13 bytes)
1735858268.185986 sending message 112 to peer 0x5be42aa81ac0 (13 bytes)
1735858268.185993 sending message 112 to peer 0x5be42aa81ac0 (13 bytes)
1735858268.186000 sending message 112 to peer 0x5be42aa81ac0 (13 bytes)
1735858268.186008 sending message 112 to peer 0x5be42aa81ac0 (13 bytes)
1735858268.186015 sending message 112 to peer 0x5be42aa81ac0 (13 bytes)
1735858268.186022 sending message 112 to peer 0x5be42aa81ac0 (13 bytes)
1735858268.186029 sending message 112 to peer 0x5be42aa81ac0 (10 bytes)
1735858268.186036 sending message 112 to peer 0x5be42aa81ac0 (13 bytes)
1735858268.186044 sending message 112 to peer 0x5be42aa81ac0 (12 bytes)
1735858268.186086 sending message 112 to peer 0x5be42aa81ac0 (12 bytes)
1735858268.186110 sending message 112 to peer 0x5be42aa81ac0 (12 bytes)
1735858268.186117 sending message 112 to peer 0x5be42aa81ac0 (10 bytes)
1735858268.186124 sending message 112 to peer 0x5be42aa81ac0 (10 bytes)
1735858268.186131 sending message 112 to peer 0x5be42aa81ac0 (10 bytes)
1735858268.186139 sending message 112 to peer 0x5be42aa81ac0 (12 bytes)
1735858268.186146 sending message 112 to peer 0x5be42aa81ac0 (13 bytes)
1735858268.186153 sending message 112 to peer 0x5be42aa81ac0 (13 bytes)
1735858268.186160 sending message 112 to peer 0x5be42aa81ac0 (13 bytes)
1735858268.186168 sending message 112 to peer 0x5be42aa81ac0 (13 bytes)
1735858268.186175 sending message 112 to peer 0x5be42aa81ac0 (13 bytes)
1735858268.186182 sending message 112 to peer 0x5be42aa81ac0 (10 bytes)
1735858268.186189 sending message 112 to peer 0x5be42aa81ac0 (11 bytes)
1735858268.186196 sending message 112 to peer 0x5be42aa81ac0 (12 bytes)
1735858268.186203 sending message 112 to peer 0x5be42aa81ac0 (12 bytes)
1735858268.186210 sending message 112 to peer 0x5be42aa81ac0 (12 bytes)
1735858268.186218 sending message 112 to peer 0x5be42aa81ac0 (12 bytes)
1735858268.186225 sending message 112 to peer 0x5be42aa81ac0 (12 bytes)
1735858268.186232 sending message 112 to peer 0x5be42aa81ac0 (11 bytes)
1735858268.186239 sending message 112 to peer 0x5be42aa81ac0 (12 bytes)
1735858268.186247 sending message 112 to peer 0x5be42aa81ac0 (12 bytes)
1735858268.186254 sending message 112 to peer 0x5be42aa81ac0 (13 bytes)
1735858268.186261 sending message 112 to peer 0x5be42aa81ac0 (13 bytes)
1735858268.186268 sending message 112 to peer 0x5be42aa81ac0 (13 bytes)
1735858268.186275 sending message 112 to peer 0x5be42aa81ac0 (13 bytes)
1735858268.186283 sending message 112 to peer 0x5be42aa81ac0 (13 bytes)
1735858268.186290 sending message 112 to peer 0x5be42aa81ac0 (10 bytes)
1735858268.186297 sending message 112 to peer 0x5be42aa81ac0 (9 bytes)
1735858268.186304 sending message 112 to peer 0x5be42aa81ac0 (12 bytes)
1735858268.186311 sending message 112 to peer 0x5be42aa81ac0 (13 bytes)
1735858268.186318 sending message 112 to peer 0x5be42aa81ac0 (13 bytes)
1735858268.186326 sending message 112 to peer 0x5be42aa81ac0 (13 bytes)
1735858268.186333 sending message 112 to peer 0x5be42aa81ac0 (13 bytes)
1735858268.186340 sending message 112 to peer 0x5be42aa81ac0 (13 bytes)
1735858268.186347 sending message 112 to peer 0x5be42aa81ac0 (9 bytes)
1735858268.186363 sending message 112 to peer 0x5be42aa81ac0 (12 bytes)
1735858268.186371 sending message 112 to peer 0x5be42aa81ac0 (13 bytes)
1735858268.186378 sending message 112 to peer 0x5be42aa81ac0 (13 bytes)
1735858268.186385 sending message 112 to peer 0x5be42aa81ac0 (13 bytes)
1735858268.186393 sending message 112 to peer 0x5be42aa81ac0 (13 bytes)
1735858268.186400 sending message 112 to peer 0x5be42aa81ac0 (13 bytes)
1735858268.186407 sending message 112 to peer 0x5be42aa81ac0 (11 bytes)
1735858268.186414 sending message 112 to peer 0x5be42aa81ac0 (12 bytes)
1735858268.186421 sending message 112 to peer 0x5be42aa81ac0 (13 bytes)
1735858268.186428 sending message 112 to peer 0x5be42aa81ac0 (13 bytes)
1735858268.186436 sending message 112 to peer 0x5be42aa81ac0 (13 bytes)
1735858268.186443 sending message 112 to peer 0x5be42aa81ac0 (13 bytes)
1735858268.186450 sending message 112 to peer 0x5be42aa81ac0 (13 bytes)
1735858268.186457 sending message 112 to peer 0x5be42aa81ac0 (11 bytes)
1735858268.186464 sending message 112 to peer 0x5be42aa81ac0 (12 bytes)
1735858268.186472 sending message 112 to peer 0x5be42aa81ac0 (12 bytes)
1735858268.186479 sending message 112 to peer 0x5be42aa81ac0 (12 bytes)
1735858268.186486 sending message 112 to peer 0x5be42aa81ac0 (12 bytes)
1735858268.186494 sending message 112 to peer 0x5be42aa81ac0 (12 bytes)
1735858268.186501 sending message 112 to peer 0x5be42aa81ac0 (21 bytes)
1735858268.186508 sending message 112 to peer 0x5be42aa81ac0 (12 bytes)
1735858268.186516 sending message 112 to peer 0x5be42aa81ac0 (9 bytes)
1735858268.186523 sending message 112 to peer 0x5be42aa81ac0 (6 bytes)
1735858268.186530 sending message 112 to peer 0x5be42aa81ac0 (13 bytes)
1735858268.186539 sending message 112 to peer 0x5be42aa81ac0 (10 bytes)
1735858268.186547 sending message 112 to peer 0x5be42aa81ac0 (24 bytes)
1735858268.186554 sending message 112 to peer 0x5be42aa81ac0 (13 bytes)
1735858268.186562 sending message 112 to peer 0x5be42aa81ac0 (9 bytes)
1735858268.186569 sending message 112 to peer 0x5be42aa81ac0 (70 bytes)
1735858268.186577 sending message 112 to peer 0x5be42aa81ac0 (69 bytes)
1735858268.186585 sending message 112 to peer 0x5be42aa81ac0 (12 bytes)
1735858268.186592 sending message 112 to peer 0x5be42aa81ac0 (10 bytes)
1735858268.186599 sending message 112 to peer 0x5be42aa81ac0 (10 bytes)
1735858268.186606 sending message 112 to peer 0x5be42aa81ac0 (24 bytes)
1735858268.186614 sending message 112 to peer 0x5be42aa81ac0 (13 bytes)
1735858268.186621 sending message 112 to peer 0x5be42aa81ac0 (10 bytes)
1735858268.186628 sending message 112 to peer 0x5be42aa81ac0 (10 bytes)
1735858268.186636 sending message 112 to peer 0x5be42aa81ac0 (10 bytes)
1735858268.186643 sending message 112 to peer 0x5be42aa81ac0 (13 bytes)
1735858268.186652 sending message 112 to peer 0x5be42aa81ac0 (15 bytes)
1735858268.186660 sending message 112 to peer 0x5be42aa81ac0 (5 bytes)
1735858268.186671 sending message 104 to peer 0x5be42aa81ac0 (0 bytes)
1735858268.186681 sending message 110 to peer 0x5be42aa81ac0 (0 bytes)
1735858268.186691 sending message 107 to peer 0x5be42aa81ac0 (4 bytes)
1735858268.186699 sending message 105 to peer 0x5be42aa81ac0 (22 bytes)
1735858268.186707 sending message 105 to peer 0x5be42aa81ac0 (51 bytes)
1735858268.186715 sending message 105 to peer 0x5be42aa81ac0 (84 bytes)
1735858268.186723 sending message 105 to peer 0x5be42aa81ac0 (17 bytes)
1735858268.186730 sending message 105 to peer 0x5be42aa81ac0 (26 bytes)
1735858268.186738 sending message 105 to peer 0x5be42aa81ac0 (20 bytes)
1735858268.186745 sending message 105 to peer 0x5be42aa81ac0 (26 bytes)
1735858268.186753 sending message 105 to peer 0x5be42aa81ac0 (10 bytes)
1735858268.186760 sending message 105 to peer 0x5be42aa81ac0 (27 bytes)
1735858268.186768 sending message 105 to peer 0x5be42aa81ac0 (18 bytes)
1735858268.186776 sending message 105 to peer 0x5be42aa81ac0 (16 bytes)
1735858268.186784 sending message 105 to peer 0x5be42aa81ac0 (23 bytes)
1735858268.186792 sending message 105 to peer 0x5be42aa81ac0 (22 bytes)
1735858268.186805 sending message 105 to peer 0x5be42aa81ac0 (54 bytes)
1735858268.186813 sending message 105 to peer 0x5be42aa81ac0 (23 bytes)
1735858268.186821 sending message 105 to peer 0x5be42aa81ac0 (121 bytes)
1735858268.186828 sending message 105 to peer 0x5be42aa81ac0 (26 bytes)
1735858268.186836 sending message 105 to peer 0x5be42aa81ac0 (17 bytes)
1735858268.186844 sending message 105 to peer 0x5be42aa81ac0 (26 bytes)
1735858268.186852 sending message 105 to peer 0x5be42aa81ac0 (23 bytes)
1735858268.186859 sending message 105 to peer 0x5be42aa81ac0 (17 bytes)
1735858268.186867 sending message 105 to peer 0x5be42aa81ac0 (23 bytes)
1735858268.186874 sending message 105 to peer 0x5be42aa81ac0 (20 bytes)
1735858268.186881 sending message 105 to peer 0x5be42aa81ac0 (26 bytes)
1735858268.186888 sending message 105 to peer 0x5be42aa81ac0 (50 bytes)
1735858268.186896 sending message 105 to peer 0x5be42aa81ac0 (13 bytes)
1735858268.186903 sending message 105 to peer 0x5be42aa81ac0 (21 bytes)
1735858268.186911 sending message 105 to peer 0x5be42aa81ac0 (133 bytes)
1735858268.186919 sending message 105 to peer 0x5be42aa81ac0 (31 bytes)
1735858268.186927 sending message 105 to peer 0x5be42aa81ac0 (190 bytes)
1735858268.186935 sending message 105 to peer 0x5be42aa81ac0 (15 bytes)
1735858268.186942 sending message 105 to peer 0x5be42aa81ac0 (25 bytes)
1735858268.186950 sending message 105 to peer 0x5be42aa81ac0 (24 bytes)
1735858268.186957 sending message 105 to peer 0x5be42aa81ac0 (25 bytes)
1735858268.186965 sending message 105 to peer 0x5be42aa81ac0 (14 bytes)
1735858268.186972 sending message 105 to peer 0x5be42aa81ac0 (16 bytes)
1735858268.186979 sending message 105 to peer 0x5be42aa81ac0 (15 bytes)
1735858268.186986 sending message 105 to peer 0x5be42aa81ac0 (21 bytes)
1735858268.186994 sending message 105 to peer 0x5be42aa81ac0 (8 bytes)
1735858268.187001 sending message 105 to peer 0x5be42aa81ac0 (54 bytes)
1735858268.187009 sending message 105 to peer 0x5be42aa81ac0 (47 bytes)
1735858268.187016 sending message 105 to peer 0x5be42aa81ac0 (24 bytes)
1735858268.187023 sending message 105 to peer 0x5be42aa81ac0 (11 bytes)
1735858268.187031 sending message 105 to peer 0x5be42aa81ac0 (23 bytes)
1735858268.187038 sending message 105 to peer 0x5be42aa81ac0 (17 bytes)
1735858268.187045 sending message 105 to peer 0x5be42aa81ac0 (23 bytes)
1735858268.187053 sending message 105 to peer 0x5be42aa81ac0 (20 bytes)
1735858268.187060 sending message 105 to peer 0x5be42aa81ac0 (11 bytes)
1735858268.187068 sending message 105 to peer 0x5be42aa81ac0 (100 bytes)
1735858268.187077 sending message 105 to peer 0x5be42aa81ac0 (17 bytes)
1735858268.187084 sending message 105 to peer 0x5be42aa81ac0 (21 bytes)
1735858268.187092 sending message 105 to peer 0x5be42aa81ac0 (24 bytes)
1735858268.187099 sending message 105 to peer 0x5be42aa81ac0 (24 bytes)
1735858268.187107 sending message 105 to peer 0x5be42aa81ac0 (21 bytes)
1735858268.187114 sending message 105 to peer 0x5be42aa81ac0 (21 bytes)
1735858268.187121 sending message 105 to peer 0x5be42aa81ac0 (24 bytes)
1735858268.187128 sending message 105 to peer 0x5be42aa81ac0 (94 bytes)
1735858268.187136 sending message 105 to peer 0x5be42aa81ac0 (12 bytes)
1735858268.187143 sending message 105 to peer 0x5be42aa81ac0 (16 bytes)
1735858268.187151 sending message 106 to peer 0x5be42aa81ac0 (0 bytes)
1735858268.187286 sending message 200 to peer 0x5be42aa81ac0 (4 bytes)
1735858268.187295 client loop enter
1735858268.210631 peer 0x5be42aa81ac0 message 207
1735858268.210656 sending message 208 to peer 0x5be42aa81ac0 (0 bytes)
1735858270.733284 peer 0x5be42aa81ac0 message 203
1735858270.733305 sending message 205 to peer 0x5be42aa81ac0 (0 bytes)
1735858270.733698 peer 0x5be42aa81ac0 message 204
1735858270.733706 client loop exit
