1735858245.001874 client started (11140): version 3.5a, socket /tmp/tmux-1000/default, protocol 8
1735858245.002005 on Linux 6.12.7-arch1-1 #1 SMP PREEMPT_DYNAMIC Fri, 27 Dec 2024 14:24:37 +0000
1735858245.002012 using libevent 2.1.12-stable poll
1735858245.002019 using ncurses 6.5 20240427
1735858245.002060 flags are 0x10010000
1735858245.002079 socket is /tmp/tmux-1000/default
1735858245.002096 trying connect
1735858245.002206 add peer 0x5911f6a3bbe0: 6 ((nil))
1735858245.002807 sending message 111 to peer 0x5911f6a3bbe0 (8 bytes)
1735858245.002819 sending message 111 to peer 0x5911f6a3bbe0 (8 bytes)
1735858245.002824 sending message 101 to peer 0x5911f6a3bbe0 (14 bytes)
1735858245.002829 sending message 109 to peer 0x5911f6a3bbe0 (4 bytes)
1735858245.002833 sending message 102 to peer 0x5911f6a3bbe0 (11 bytes)
1735858245.002837 sending message 108 to peer 0x5911f6a3bbe0 (20 bytes)
1735858245.002841 sending message 112 to peer 0x5911f6a3bbe0 (70 bytes)
1735858245.002846 sending message 112 to peer 0x5911f6a3bbe0 (5 bytes)
1735858245.002850 sending message 112 to peer 0x5911f6a3bbe0 (5 bytes)
1735858245.002854 sending message 112 to peer 0x5911f6a3bbe0 (6 bytes)
1735858245.002858 sending message 112 to peer 0x5911f6a3bbe0 (6 bytes)
1735858245.002863 sending message 112 to peer 0x5911f6a3bbe0 (11 bytes)
1735858245.002867 sending message 112 to peer 0x5911f6a3bbe0 (10 bytes)
1735858245.002871 sending message 112 to peer 0x5911f6a3bbe0 (13 bytes)
1735858245.002875 sending message 112 to peer 0x5911f6a3bbe0 (13 bytes)
1735858245.002880 sending message 112 to peer 0x5911f6a3bbe0 (18 bytes)
1735858245.002884 sending message 112 to peer 0x5911f6a3bbe0 (11 bytes)
1735858245.002888 sending message 112 to peer 0x5911f6a3bbe0 (10 bytes)
1735858245.002892 sending message 112 to peer 0x5911f6a3bbe0 (15 bytes)
1735858245.002897 sending message 112 to peer 0x5911f6a3bbe0 (21 bytes)
1735858245.002901 sending message 112 to peer 0x5911f6a3bbe0 (13 bytes)
1735858245.002905 sending message 112 to peer 0x5911f6a3bbe0 (7 bytes)
1735858245.002909 sending message 112 to peer 0x5911f6a3bbe0 (13 bytes)
1735858245.002913 sending message 112 to peer 0x5911f6a3bbe0 (7 bytes)
1735858245.002917 sending message 112 to peer 0x5911f6a3bbe0 (13 bytes)
1735858245.002922 sending message 112 to peer 0x5911f6a3bbe0 (9 bytes)
1735858245.002926 sending message 112 to peer 0x5911f6a3bbe0 (21 bytes)
1735858245.002930 sending message 112 to peer 0x5911f6a3bbe0 (13 bytes)
1735858245.002934 sending message 112 to peer 0x5911f6a3bbe0 (8 bytes)
1735858245.002938 sending message 112 to peer 0x5911f6a3bbe0 (12 bytes)
1735858245.002943 sending message 112 to peer 0x5911f6a3bbe0 (13 bytes)
1735858245.002947 sending message 112 to peer 0x5911f6a3bbe0 (9 bytes)
1735858245.002951 sending message 112 to peer 0x5911f6a3bbe0 (9 bytes)
1735858245.002955 sending message 112 to peer 0x5911f6a3bbe0 (12 bytes)
1735858245.002960 sending message 112 to peer 0x5911f6a3bbe0 (8 bytes)
1735858245.002964 sending message 112 to peer 0x5911f6a3bbe0 (8 bytes)
1735858245.002968 sending message 112 to peer 0x5911f6a3bbe0 (7 bytes)
1735858245.002972 sending message 112 to peer 0x5911f6a3bbe0 (7 bytes)
1735858245.002976 sending message 112 to peer 0x5911f6a3bbe0 (9 bytes)
1735858245.002981 sending message 112 to peer 0x5911f6a3bbe0 (13 bytes)
1735858245.002985 sending message 112 to peer 0x5911f6a3bbe0 (6 bytes)
1735858245.002989 sending message 112 to peer 0x5911f6a3bbe0 (9 bytes)
1735858245.002993 sending message 112 to peer 0x5911f6a3bbe0 (15 bytes)
1735858245.002997 sending message 112 to peer 0x5911f6a3bbe0 (13 bytes)
1735858245.003002 sending message 112 to peer 0x5911f6a3bbe0 (12 bytes)
1735858245.003006 sending message 112 to peer 0x5911f6a3bbe0 (8 bytes)
1735858245.003010 sending message 112 to peer 0x5911f6a3bbe0 (14 bytes)
1735858245.003014 sending message 112 to peer 0x5911f6a3bbe0 (11 bytes)
1735858245.003019 sending message 112 to peer 0x5911f6a3bbe0 (9 bytes)
1735858245.003023 sending message 112 to peer 0x5911f6a3bbe0 (10 bytes)
1735858245.003027 sending message 112 to peer 0x5911f6a3bbe0 (10 bytes)
1735858245.003038 sending message 112 to peer 0x5911f6a3bbe0 (10 bytes)
1735858245.003042 sending message 112 to peer 0x5911f6a3bbe0 (10 bytes)
1735858245.003046 sending message 112 to peer 0x5911f6a3bbe0 (11 bytes)
1735858245.003051 sending message 112 to peer 0x5911f6a3bbe0 (12 bytes)
1735858245.003055 sending message 112 to peer 0x5911f6a3bbe0 (12 bytes)
1735858245.003061 sending message 112 to peer 0x5911f6a3bbe0 (12 bytes)
1735858245.003066 sending message 112 to peer 0x5911f6a3bbe0 (12 bytes)
1735858245.003072 sending message 112 to peer 0x5911f6a3bbe0 (12 bytes)
1735858245.003077 sending message 112 to peer 0x5911f6a3bbe0 (11 bytes)
1735858245.003082 sending message 112 to peer 0x5911f6a3bbe0 (11 bytes)
1735858245.003087 sending message 112 to peer 0x5911f6a3bbe0 (12 bytes)
1735858245.003092 sending message 112 to peer 0x5911f6a3bbe0 (12 bytes)
1735858245.003094 sending message 112 to peer 0x5911f6a3bbe0 (12 bytes)
1735858245.003097 sending message 112 to peer 0x5911f6a3bbe0 (12 bytes)
1735858245.003099 sending message 112 to peer 0x5911f6a3bbe0 (12 bytes)
1735858245.003101 sending message 112 to peer 0x5911f6a3bbe0 (10 bytes)
1735858245.003104 sending message 112 to peer 0x5911f6a3bbe0 (12 bytes)
1735858245.003106 sending message 112 to peer 0x5911f6a3bbe0 (13 bytes)
1735858245.003108 sending message 112 to peer 0x5911f6a3bbe0 (13 bytes)
1735858245.003111 sending message 112 to peer 0x5911f6a3bbe0 (13 bytes)
1735858245.003113 sending message 112 to peer 0x5911f6a3bbe0 (13 bytes)
1735858245.003115 sending message 112 to peer 0x5911f6a3bbe0 (13 bytes)
1735858245.003118 sending message 112 to peer 0x5911f6a3bbe0 (8 bytes)
1735858245.003120 sending message 112 to peer 0x5911f6a3bbe0 (11 bytes)
1735858245.003123 sending message 112 to peer 0x5911f6a3bbe0 (11 bytes)
1735858245.003125 sending message 112 to peer 0x5911f6a3bbe0 (11 bytes)
1735858245.003127 sending message 112 to peer 0x5911f6a3bbe0 (12 bytes)
1735858245.003130 sending message 112 to peer 0x5911f6a3bbe0 (12 bytes)
1735858245.003132 sending message 112 to peer 0x5911f6a3bbe0 (12 bytes)
1735858245.003134 sending message 112 to peer 0x5911f6a3bbe0 (12 bytes)
1735858245.003137 sending message 112 to peer 0x5911f6a3bbe0 (13 bytes)
1735858245.003139 sending message 112 to peer 0x5911f6a3bbe0 (13 bytes)
1735858245.003141 sending message 112 to peer 0x5911f6a3bbe0 (13 bytes)
1735858245.003144 sending message 112 to peer 0x5911f6a3bbe0 (8 bytes)
1735858245.003146 sending message 112 to peer 0x5911f6a3bbe0 (13 bytes)
1735858245.003148 sending message 112 to peer 0x5911f6a3bbe0 (13 bytes)
1735858245.003151 sending message 112 to peer 0x5911f6a3bbe0 (13 bytes)
1735858245.003153 sending message 112 to peer 0x5911f6a3bbe0 (13 bytes)
1735858245.003156 sending message 112 to peer 0x5911f6a3bbe0 (13 bytes)
1735858245.003158 sending message 112 to peer 0x5911f6a3bbe0 (12 bytes)
1735858245.003160 sending message 112 to peer 0x5911f6a3bbe0 (12 bytes)
1735858245.003163 sending message 112 to peer 0x5911f6a3bbe0 (12 bytes)
1735858245.003165 sending message 112 to peer 0x5911f6a3bbe0 (12 bytes)
1735858245.003167 sending message 112 to peer 0x5911f6a3bbe0 (13 bytes)
1735858245.003170 sending message 112 to peer 0x5911f6a3bbe0 (8 bytes)
1735858245.003172 sending message 112 to peer 0x5911f6a3bbe0 (13 bytes)
1735858245.003174 sending message 112 to peer 0x5911f6a3bbe0 (13 bytes)
1735858245.003177 sending message 112 to peer 0x5911f6a3bbe0 (13 bytes)
1735858245.003179 sending message 112 to peer 0x5911f6a3bbe0 (13 bytes)
1735858245.003182 sending message 112 to peer 0x5911f6a3bbe0 (13 bytes)
1735858245.003184 sending message 112 to peer 0x5911f6a3bbe0 (13 bytes)
1735858245.003188 sending message 112 to peer 0x5911f6a3bbe0 (13 bytes)
1735858245.003191 sending message 112 to peer 0x5911f6a3bbe0 (12 bytes)
1735858245.003193 sending message 112 to peer 0x5911f6a3bbe0 (12 bytes)
1735858245.003196 sending message 112 to peer 0x5911f6a3bbe0 (12 bytes)
1735858245.003198 sending message 112 to peer 0x5911f6a3bbe0 (8 bytes)
1735858245.003201 sending message 112 to peer 0x5911f6a3bbe0 (12 bytes)
1735858245.003207 sending message 112 to peer 0x5911f6a3bbe0 (13 bytes)
1735858245.003210 sending message 112 to peer 0x5911f6a3bbe0 (13 bytes)
1735858245.003212 sending message 112 to peer 0x5911f6a3bbe0 (13 bytes)
1735858245.003215 sending message 112 to peer 0x5911f6a3bbe0 (13 bytes)
1735858245.003217 sending message 112 to peer 0x5911f6a3bbe0 (13 bytes)
1735858245.003223 sending message 112 to peer 0x5911f6a3bbe0 (13 bytes)
1735858245.003228 sending message 112 to peer 0x5911f6a3bbe0 (13 bytes)
1735858245.003234 sending message 112 to peer 0x5911f6a3bbe0 (13 bytes)
1735858245.003239 sending message 112 to peer 0x5911f6a3bbe0 (12 bytes)
1735858245.003244 sending message 112 to peer 0x5911f6a3bbe0 (10 bytes)
1735858245.003250 sending message 112 to peer 0x5911f6a3bbe0 (12 bytes)
1735858245.003256 sending message 112 to peer 0x5911f6a3bbe0 (12 bytes)
1735858245.003261 sending message 112 to peer 0x5911f6a3bbe0 (12 bytes)
1735858245.003267 sending message 112 to peer 0x5911f6a3bbe0 (13 bytes)
1735858245.003272 sending message 112 to peer 0x5911f6a3bbe0 (13 bytes)
1735858245.003277 sending message 112 to peer 0x5911f6a3bbe0 (13 bytes)
1735858245.003281 sending message 112 to peer 0x5911f6a3bbe0 (13 bytes)
1735858245.003285 sending message 112 to peer 0x5911f6a3bbe0 (13 bytes)
1735858245.003290 sending message 112 to peer 0x5911f6a3bbe0 (13 bytes)
1735858245.003294 sending message 112 to peer 0x5911f6a3bbe0 (13 bytes)
1735858245.003299 sending message 112 to peer 0x5911f6a3bbe0 (10 bytes)
1735858245.003305 sending message 112 to peer 0x5911f6a3bbe0 (13 bytes)
1735858245.003311 sending message 112 to peer 0x5911f6a3bbe0 (12 bytes)
1735858245.003316 sending message 112 to peer 0x5911f6a3bbe0 (12 bytes)
1735858245.003322 sending message 112 to peer 0x5911f6a3bbe0 (12 bytes)
1735858245.003328 sending message 112 to peer 0x5911f6a3bbe0 (10 bytes)
1735858245.003333 sending message 112 to peer 0x5911f6a3bbe0 (10 bytes)
1735858245.003337 sending message 112 to peer 0x5911f6a3bbe0 (10 bytes)
1735858245.003341 sending message 112 to peer 0x5911f6a3bbe0 (12 bytes)
1735858245.003346 sending message 112 to peer 0x5911f6a3bbe0 (13 bytes)
1735858245.003350 sending message 112 to peer 0x5911f6a3bbe0 (13 bytes)
1735858245.003354 sending message 112 to peer 0x5911f6a3bbe0 (13 bytes)
1735858245.003358 sending message 112 to peer 0x5911f6a3bbe0 (13 bytes)
1735858245.003363 sending message 112 to peer 0x5911f6a3bbe0 (13 bytes)
1735858245.003367 sending message 112 to peer 0x5911f6a3bbe0 (11 bytes)
1735858245.003371 sending message 112 to peer 0x5911f6a3bbe0 (11 bytes)
1735858245.003375 sending message 112 to peer 0x5911f6a3bbe0 (12 bytes)
1735858245.003379 sending message 112 to peer 0x5911f6a3bbe0 (12 bytes)
1735858245.003384 sending message 112 to peer 0x5911f6a3bbe0 (12 bytes)
1735858245.003389 sending message 112 to peer 0x5911f6a3bbe0 (12 bytes)
1735858245.003395 sending message 112 to peer 0x5911f6a3bbe0 (12 bytes)
1735858245.003400 sending message 112 to peer 0x5911f6a3bbe0 (11 bytes)
1735858245.003404 sending message 112 to peer 0x5911f6a3bbe0 (12 bytes)
1735858245.003409 sending message 112 to peer 0x5911f6a3bbe0 (12 bytes)
1735858245.003413 sending message 112 to peer 0x5911f6a3bbe0 (13 bytes)
1735858245.003417 sending message 112 to peer 0x5911f6a3bbe0 (13 bytes)
1735858245.003421 sending message 112 to peer 0x5911f6a3bbe0 (13 bytes)
1735858245.003426 sending message 112 to peer 0x5911f6a3bbe0 (13 bytes)
1735858245.003430 sending message 112 to peer 0x5911f6a3bbe0 (13 bytes)
1735858245.003434 sending message 112 to peer 0x5911f6a3bbe0 (10 bytes)
1735858245.003438 sending message 112 to peer 0x5911f6a3bbe0 (9 bytes)
1735858245.003443 sending message 112 to peer 0x5911f6a3bbe0 (12 bytes)
1735858245.003447 sending message 112 to peer 0x5911f6a3bbe0 (13 bytes)
1735858245.003451 sending message 112 to peer 0x5911f6a3bbe0 (13 bytes)
1735858245.003456 sending message 112 to peer 0x5911f6a3bbe0 (13 bytes)
1735858245.003461 sending message 112 to peer 0x5911f6a3bbe0 (13 bytes)
1735858245.003467 sending message 112 to peer 0x5911f6a3bbe0 (13 bytes)
1735858245.003477 sending message 112 to peer 0x5911f6a3bbe0 (9 bytes)
1735858245.003483 sending message 112 to peer 0x5911f6a3bbe0 (12 bytes)
1735858245.003489 sending message 112 to peer 0x5911f6a3bbe0 (13 bytes)
1735858245.003494 sending message 112 to peer 0x5911f6a3bbe0 (13 bytes)
1735858245.003499 sending message 112 to peer 0x5911f6a3bbe0 (13 bytes)
1735858245.003505 sending message 112 to peer 0x5911f6a3bbe0 (13 bytes)
1735858245.003509 sending message 112 to peer 0x5911f6a3bbe0 (13 bytes)
1735858245.003513 sending message 112 to peer 0x5911f6a3bbe0 (11 bytes)
1735858245.003518 sending message 112 to peer 0x5911f6a3bbe0 (12 bytes)
1735858245.003522 sending message 112 to peer 0x5911f6a3bbe0 (13 bytes)
1735858245.003526 sending message 112 to peer 0x5911f6a3bbe0 (13 bytes)
1735858245.003530 sending message 112 to peer 0x5911f6a3bbe0 (13 bytes)
1735858245.003535 sending message 112 to peer 0x5911f6a3bbe0 (13 bytes)
1735858245.003539 sending message 112 to peer 0x5911f6a3bbe0 (13 bytes)
1735858245.003543 sending message 112 to peer 0x5911f6a3bbe0 (11 bytes)
1735858245.003547 sending message 112 to peer 0x5911f6a3bbe0 (12 bytes)
1735858245.003552 sending message 112 to peer 0x5911f6a3bbe0 (12 bytes)
1735858245.003556 sending message 112 to peer 0x5911f6a3bbe0 (12 bytes)
1735858245.003560 sending message 112 to peer 0x5911f6a3bbe0 (12 bytes)
1735858245.003564 sending message 112 to peer 0x5911f6a3bbe0 (12 bytes)
1735858245.003569 sending message 112 to peer 0x5911f6a3bbe0 (21 bytes)
1735858245.003573 sending message 112 to peer 0x5911f6a3bbe0 (12 bytes)
1735858245.003577 sending message 112 to peer 0x5911f6a3bbe0 (9 bytes)
1735858245.003581 sending message 112 to peer 0x5911f6a3bbe0 (6 bytes)
1735858245.003586 sending message 112 to peer 0x5911f6a3bbe0 (13 bytes)
1735858245.003590 sending message 112 to peer 0x5911f6a3bbe0 (8 bytes)
1735858245.003595 sending message 112 to peer 0x5911f6a3bbe0 (15 bytes)
1735858245.003599 sending message 112 to peer 0x5911f6a3bbe0 (13 bytes)
1735858245.003603 sending message 112 to peer 0x5911f6a3bbe0 (9 bytes)
1735858245.003607 sending message 112 to peer 0x5911f6a3bbe0 (70 bytes)
1735858245.003612 sending message 112 to peer 0x5911f6a3bbe0 (69 bytes)
1735858245.003616 sending message 112 to peer 0x5911f6a3bbe0 (10 bytes)
1735858245.003621 sending message 112 to peer 0x5911f6a3bbe0 (10 bytes)
1735858245.003625 sending message 112 to peer 0x5911f6a3bbe0 (8 bytes)
1735858245.003629 sending message 112 to peer 0x5911f6a3bbe0 (15 bytes)
1735858245.003633 sending message 112 to peer 0x5911f6a3bbe0 (13 bytes)
1735858245.003638 sending message 112 to peer 0x5911f6a3bbe0 (10 bytes)
1735858245.003642 sending message 112 to peer 0x5911f6a3bbe0 (10 bytes)
1735858245.003646 sending message 112 to peer 0x5911f6a3bbe0 (17 bytes)
1735858245.003650 sending message 112 to peer 0x5911f6a3bbe0 (10 bytes)
1735858245.003655 sending message 112 to peer 0x5911f6a3bbe0 (13 bytes)
1735858245.003659 sending message 112 to peer 0x5911f6a3bbe0 (9 bytes)
1735858245.003663 sending message 112 to peer 0x5911f6a3bbe0 (5 bytes)
1735858245.003668 sending message 112 to peer 0x5911f6a3bbe0 (15 bytes)
1735858245.003673 sending message 104 to peer 0x5911f6a3bbe0 (0 bytes)
1735858245.003678 sending message 110 to peer 0x5911f6a3bbe0 (0 bytes)
1735858245.003684 sending message 107 to peer 0x5911f6a3bbe0 (4 bytes)
1735858245.003688 sending message 105 to peer 0x5911f6a3bbe0 (20 bytes)
1735858245.003692 sending message 105 to peer 0x5911f6a3bbe0 (54 bytes)
1735858245.003697 sending message 105 to peer 0x5911f6a3bbe0 (50 bytes)
1735858245.003701 sending message 105 to peer 0x5911f6a3bbe0 (22 bytes)
1735858245.003705 sending message 105 to peer 0x5911f6a3bbe0 (11 bytes)
1735858245.003710 sending message 105 to peer 0x5911f6a3bbe0 (12 bytes)
1735858245.003714 sending message 105 to peer 0x5911f6a3bbe0 (17 bytes)
1735858245.003718 sending message 105 to peer 0x5911f6a3bbe0 (21 bytes)
1735858245.003722 sending message 105 to peer 0x5911f6a3bbe0 (23 bytes)
1735858245.003727 sending message 105 to peer 0x5911f6a3bbe0 (17 bytes)
1735858245.003735 sending message 105 to peer 0x5911f6a3bbe0 (21 bytes)
1735858245.003739 sending message 105 to peer 0x5911f6a3bbe0 (16 bytes)
1735858245.003744 sending message 105 to peer 0x5911f6a3bbe0 (47 bytes)
1735858245.003748 sending message 105 to peer 0x5911f6a3bbe0 (23 bytes)
1735858245.003752 sending message 105 to peer 0x5911f6a3bbe0 (17 bytes)
1735858245.003757 sending message 105 to peer 0x5911f6a3bbe0 (23 bytes)
1735858245.003761 sending message 105 to peer 0x5911f6a3bbe0 (27 bytes)
1735858245.003765 sending message 105 to peer 0x5911f6a3bbe0 (24 bytes)
1735858245.003770 sending message 105 to peer 0x5911f6a3bbe0 (23 bytes)
1735858245.003774 sending message 105 to peer 0x5911f6a3bbe0 (21 bytes)
1735858245.003778 sending message 105 to peer 0x5911f6a3bbe0 (25 bytes)
1735858245.003783 sending message 105 to peer 0x5911f6a3bbe0 (20 bytes)
1735858245.003787 sending message 105 to peer 0x5911f6a3bbe0 (100 bytes)
1735858245.003792 sending message 105 to peer 0x5911f6a3bbe0 (24 bytes)
1735858245.003796 sending message 105 to peer 0x5911f6a3bbe0 (24 bytes)
1735858245.003800 sending message 105 to peer 0x5911f6a3bbe0 (21 bytes)
1735858245.003805 sending message 105 to peer 0x5911f6a3bbe0 (21 bytes)
1735858245.003809 sending message 105 to peer 0x5911f6a3bbe0 (24 bytes)
1735858245.003813 sending message 105 to peer 0x5911f6a3bbe0 (13 bytes)
1735858245.003817 sending message 105 to peer 0x5911f6a3bbe0 (94 bytes)
1735858245.003822 sending message 105 to peer 0x5911f6a3bbe0 (26 bytes)
1735858245.003826 sending message 105 to peer 0x5911f6a3bbe0 (16 bytes)
1735858245.003830 sending message 105 to peer 0x5911f6a3bbe0 (190 bytes)
1735858245.003835 sending message 105 to peer 0x5911f6a3bbe0 (51 bytes)
1735858245.003839 sending message 105 to peer 0x5911f6a3bbe0 (15 bytes)
1735858245.003843 sending message 105 to peer 0x5911f6a3bbe0 (27 bytes)
1735858245.003848 sending message 105 to peer 0x5911f6a3bbe0 (11 bytes)
1735858245.003852 sending message 105 to peer 0x5911f6a3bbe0 (133 bytes)
1735858245.003857 sending message 105 to peer 0x5911f6a3bbe0 (24 bytes)
1735858245.003861 sending message 105 to peer 0x5911f6a3bbe0 (84 bytes)
1735858245.003865 sending message 105 to peer 0x5911f6a3bbe0 (15 bytes)
1735858245.003870 sending message 105 to peer 0x5911f6a3bbe0 (8 bytes)
1735858245.003874 sending message 105 to peer 0x5911f6a3bbe0 (22 bytes)
1735858245.003878 sending message 105 to peer 0x5911f6a3bbe0 (19 bytes)
1735858245.003883 sending message 105 to peer 0x5911f6a3bbe0 (18 bytes)
1735858245.003887 sending message 105 to peer 0x5911f6a3bbe0 (26 bytes)
1735858245.003891 sending message 105 to peer 0x5911f6a3bbe0 (35 bytes)
1735858245.003895 sending message 105 to peer 0x5911f6a3bbe0 (13 bytes)
1735858245.003900 sending message 105 to peer 0x5911f6a3bbe0 (10 bytes)
1735858245.003904 sending message 105 to peer 0x5911f6a3bbe0 (14 bytes)
1735858245.003908 sending message 105 to peer 0x5911f6a3bbe0 (17 bytes)
1735858245.003913 sending message 105 to peer 0x5911f6a3bbe0 (26 bytes)
1735858245.003917 sending message 105 to peer 0x5911f6a3bbe0 (54 bytes)
1735858245.003921 sending message 105 to peer 0x5911f6a3bbe0 (26 bytes)
1735858245.003926 sending message 105 to peer 0x5911f6a3bbe0 (121 bytes)
1735858245.003930 sending message 105 to peer 0x5911f6a3bbe0 (23 bytes)
1735858245.003935 sending message 105 to peer 0x5911f6a3bbe0 (31 bytes)
1735858245.003939 sending message 105 to peer 0x5911f6a3bbe0 (23 bytes)
1735858245.003943 sending message 105 to peer 0x5911f6a3bbe0 (26 bytes)
1735858245.003948 sending message 105 to peer 0x5911f6a3bbe0 (25 bytes)
1735858245.003952 sending message 105 to peer 0x5911f6a3bbe0 (16 bytes)
1735858245.003956 sending message 106 to peer 0x5911f6a3bbe0 (0 bytes)
1735858245.004016 sending message 200 to peer 0x5911f6a3bbe0 (4 bytes)
1735858245.004020 client loop enter
1735858245.006910 peer 0x5911f6a3bbe0 message 303
1735858245.006935 open write file 2 -
1735858245.006949 sending message 305 to peer 0x5911f6a3bbe0 (8 bytes)
1735858245.006964 write check file 2
1735858245.007219 peer 0x5911f6a3bbe0 message 304
1735858245.007236 write 58 to file 2
1735858245.007241 peer 0x5911f6a3bbe0 message 203
1735858245.007243 file 2 58 bytes left
1735858245.007261 write check file 2
1735858245.007263 client loop exit
